I, [2016-11-22T14:54:02.633707 #2471]  INFO -- default-bento-centos-72: -----> Converging <default-bento-centos-72>...
I, [2016-11-22T14:54:02.634057 #2471]  INFO -- default-bento-centos-72: Preparing files for transfer
I, [2016-11-22T14:54:02.634118 #2471]  INFO -- default-bento-centos-72: Preparing salt-minion
I, [2016-11-22T14:54:02.634291 #2471]  INFO -- default-bento-centos-72: Preparing pillars into /srv/pillar
I, [2016-11-22T14:54:02.634341 #2471]  INFO -- default-bento-centos-72: Preparing formula: ruby from /home/cramaker/workspace/ruby-formula
I, [2016-11-22T14:54:02.635115 #2471]  INFO -- default-bento-centos-72: Preparing state_top
I, [2016-11-22T14:54:03.238145 #2471]  INFO -- default-bento-centos-72: You asked for latest and you have 2016.3.4 installed, sweet!
I, [2016-11-22T14:54:03.283220 #2471]  INFO -- default-bento-centos-72: Transferring files to <default-bento-centos-72>
I, [2016-11-22T14:54:33.226271 #2471]  INFO -- default-bento-centos-72: [0;32mlocal:[0;0m
I, [2016-11-22T14:54:33.226368 #2471]  INFO -- default-bento-centos-72: [0;36m----------[0;0m
I, [2016-11-22T14:54:33.226404 #2471]  INFO -- default-bento-centos-72:     [0;36m      ID: ruby[0;0m
I, [2016-11-22T14:54:33.226431 #2471]  INFO -- default-bento-centos-72:     [0;36mFunction: pkg.installed[0;0m
I, [2016-11-22T14:54:33.226462 #2471]  INFO -- default-bento-centos-72:     [0;36m  Result: True[0;0m
I, [2016-11-22T14:54:33.226532 #2471]  INFO -- default-bento-centos-72:     [0;36m Comment: The following packages were installed/updated: ruby[0;0m
I, [2016-11-22T14:54:33.226566 #2471]  INFO -- default-bento-centos-72:     [0;36m Started: 20:54:07.794964[0;0m
I, [2016-11-22T14:54:33.226592 #2471]  INFO -- default-bento-centos-72:     [0;36mDuration: 16191.099 ms[0;0m
I, [2016-11-22T14:54:33.226613 #2471]  INFO -- default-bento-centos-72: [0;36m     Changes:   
I, [2016-11-22T14:54:33.226663 #2471]  INFO -- default-bento-centos-72:        [0;36m----------[0;0m
I, [2016-11-22T14:54:33.226694 #2471]  INFO -- default-bento-centos-72:        [0;36mruby[0;0m:
I, [2016-11-22T14:54:33.226723 #2471]  INFO -- default-bento-centos-72:            [0;36m----------[0;0m
I, [2016-11-22T14:54:33.226749 #2471]  INFO -- default-bento-centos-72:            [0;36mnew[0;0m:
I, [2016-11-22T14:54:33.226774 #2471]  INFO -- default-bento-centos-72:                [0;32m2.0.0.598-25.el7_1[0;0m
I, [2016-11-22T14:54:33.226799 #2471]  INFO -- default-bento-centos-72:            [0;36mold[0;0m:
I, [2016-11-22T14:54:33.226823 #2471]  INFO -- default-bento-centos-72:        [0;36mruby-irb[0;0m:
I, [2016-11-22T14:54:33.226847 #2471]  INFO -- default-bento-centos-72:            [0;36m----------[0;0m
I, [2016-11-22T14:54:33.226872 #2471]  INFO -- default-bento-centos-72:            [0;36mnew[0;0m:
I, [2016-11-22T14:54:33.226897 #2471]  INFO -- default-bento-centos-72:                [0;32m2.0.0.598-25.el7_1[0;0m
I, [2016-11-22T14:54:33.226921 #2471]  INFO -- default-bento-centos-72:            [0;36mold[0;0m:
I, [2016-11-22T14:54:33.226945 #2471]  INFO -- default-bento-centos-72:        [0;36mrubygem-bigdecimal[0;0m:
I, [2016-11-22T14:54:33.226969 #2471]  INFO -- default-bento-centos-72:            [0;36m----------[0;0m
I, [2016-11-22T14:54:33.226994 #2471]  INFO -- default-bento-centos-72:            [0;36mnew[0;0m:
I, [2016-11-22T14:54:33.227020 #2471]  INFO -- default-bento-centos-72:                [0;32m1.2.0-25.el7_1[0;0m
I, [2016-11-22T14:54:33.227047 #2471]  INFO -- default-bento-centos-72:            [0;36mold[0;0m:
I, [2016-11-22T14:54:33.227072 #2471]  INFO -- default-bento-centos-72:        [0;36mrubygem-io-console[0;0m:
I, [2016-11-22T14:54:33.227098 #2471]  INFO -- default-bento-centos-72:            [0;36m----------[0;0m
I, [2016-11-22T14:54:33.227145 #2471]  INFO -- default-bento-centos-72:            [0;36mnew[0;0m:
I, [2016-11-22T14:54:33.227170 #2471]  INFO -- default-bento-centos-72:                [0;32m0.4.2-25.el7_1[0;0m
I, [2016-11-22T14:54:33.227195 #2471]  INFO -- default-bento-centos-72:            [0;36mold[0;0m:
I, [2016-11-22T14:54:33.227230 #2471]  INFO -- default-bento-centos-72:        [0;36mrubygem-json[0;0m:
I, [2016-11-22T14:54:33.227256 #2471]  INFO -- default-bento-centos-72:            [0;36m----------[0;0m
I, [2016-11-22T14:54:33.227281 #2471]  INFO -- default-bento-centos-72:            [0;36mnew[0;0m:
I, [2016-11-22T14:54:33.227306 #2471]  INFO -- default-bento-centos-72:                [0;32m1.7.7-25.el7_1[0;0m
I, [2016-11-22T14:54:33.227331 #2471]  INFO -- default-bento-centos-72:            [0;36mold[0;0m:
I, [2016-11-22T14:54:33.227354 #2471]  INFO -- default-bento-centos-72:        [0;36mrubygem-psych[0;0m:
I, [2016-11-22T14:54:33.227379 #2471]  INFO -- default-bento-centos-72:            [0;36m----------[0;0m
I, [2016-11-22T14:54:33.227404 #2471]  INFO -- default-bento-centos-72:            [0;36mnew[0;0m:
I, [2016-11-22T14:54:33.227429 #2471]  INFO -- default-bento-centos-72:                [0;32m2.0.0-25.el7_1[0;0m
I, [2016-11-22T14:54:33.227454 #2471]  INFO -- default-bento-centos-72:            [0;36mold[0;0m:
I, [2016-11-22T14:54:33.227476 #2471]  INFO -- default-bento-centos-72:        [0;36mrubygem-rdoc[0;0m:
I, [2016-11-22T14:54:33.227500 #2471]  INFO -- default-bento-centos-72:            [0;36m----------[0;0m
I, [2016-11-22T14:54:33.227522 #2471]  INFO -- default-bento-centos-72:            [0;36mnew[0;0m:
I, [2016-11-22T14:54:33.227546 #2471]  INFO -- default-bento-centos-72:                [0;32m4.0.0-25.el7_1[0;0m
I, [2016-11-22T14:54:33.227570 #2471]  INFO -- default-bento-centos-72:            [0;36mold[0;0m:
I, [2016-11-22T14:54:33.227595 #2471]  INFO -- default-bento-centos-72:        [0;36mrubygems[0;0m:
I, [2016-11-22T14:54:33.227621 #2471]  INFO -- default-bento-centos-72:            [0;36m----------[0;0m
I, [2016-11-22T14:54:33.227704 #2471]  INFO -- default-bento-centos-72:            [0;36mnew[0;0m:
I, [2016-11-22T14:54:33.227742 #2471]  INFO -- default-bento-centos-72:                [0;32m2.0.14-25.el7_1[0;0m
I, [2016-11-22T14:54:33.227776 #2471]  INFO -- default-bento-centos-72:            [0;36mold[0;0m:[0;0m
I, [2016-11-22T14:54:33.227801 #2471]  INFO -- default-bento-centos-72: [0;36m----------[0;0m
I, [2016-11-22T14:54:33.227821 #2471]  INFO -- default-bento-centos-72:     [0;36m      ID: ruby[0;0m
I, [2016-11-22T14:54:33.227850 #2471]  INFO -- default-bento-centos-72:     [0;36mFunction: cmd.run[0;0m
I, [2016-11-22T14:54:33.227879 #2471]  INFO -- default-bento-centos-72:     [0;36m    Name: gem install bundler[0;0m
I, [2016-11-22T14:54:33.227898 #2471]  INFO -- default-bento-centos-72:     [0;36m  Result: True[0;0m
I, [2016-11-22T14:54:33.227920 #2471]  INFO -- default-bento-centos-72:     [0;36m Comment: Command "gem install bundler" run[0;0m
I, [2016-11-22T14:54:33.227938 #2471]  INFO -- default-bento-centos-72:     [0;36m Started: 20:54:23.989294[0;0m
I, [2016-11-22T14:54:33.227958 #2471]  INFO -- default-bento-centos-72:     [0;36mDuration: 6681.82 ms[0;0m
I, [2016-11-22T14:54:33.227976 #2471]  INFO -- default-bento-centos-72: [0;36m     Changes:   
I, [2016-11-22T14:54:33.228008 #2471]  INFO -- default-bento-centos-72:        [0;36m----------[0;0m
I, [2016-11-22T14:54:33.228031 #2471]  INFO -- default-bento-centos-72:        [0;36mpid[0;0m:
I, [2016-11-22T14:54:33.228053 #2471]  INFO -- default-bento-centos-72:            [0;1;33m12353[0;0m
I, [2016-11-22T14:54:33.228076 #2471]  INFO -- default-bento-centos-72:        [0;36mretcode[0;0m:
I, [2016-11-22T14:54:33.228108 #2471]  INFO -- default-bento-centos-72:            [0;1;33m0[0;0m
I, [2016-11-22T14:54:33.228165 #2471]  INFO -- default-bento-centos-72:        [0;36mstderr[0;0m:
I, [2016-11-22T14:54:33.228190 #2471]  INFO -- default-bento-centos-72:        [0;36mstdout[0;0m:
I, [2016-11-22T14:54:33.228212 #2471]  INFO -- default-bento-centos-72:            [0;32mSuccessfully installed bundler-1.13.6[0;0m
I, [2016-11-22T14:54:33.228237 #2471]  INFO -- default-bento-centos-72:            [0;32mParsing documentation for bundler-1.13.6[0;0m
I, [2016-11-22T14:54:33.228269 #2471]  INFO -- default-bento-centos-72:            [0;32mInstalling ri documentation for bundler-1.13.6[0;0m
I, [2016-11-22T14:54:33.228291 #2471]  INFO -- default-bento-centos-72:            [0;32m1 gem installed[0;0m[0;0m
I, [2016-11-22T14:54:33.228311 #2471]  INFO -- default-bento-centos-72: [0;32m----------[0;0m
I, [2016-11-22T14:54:33.228328 #2471]  INFO -- default-bento-centos-72:     [0;32m      ID: old_ruby_purged[0;0m
I, [2016-11-22T14:54:33.228345 #2471]  INFO -- default-bento-centos-72:     [0;32mFunction: pkg.purged[0;0m
I, [2016-11-22T14:54:33.228364 #2471]  INFO -- default-bento-centos-72:     [0;32m    Name: libreadline5[0;0m
I, [2016-11-22T14:54:33.228380 #2471]  INFO -- default-bento-centos-72:     [0;32m  Result: True[0;0m
I, [2016-11-22T14:54:33.228399 #2471]  INFO -- default-bento-centos-72:     [0;32m Comment: All specified packages are already absent[0;0m
I, [2016-11-22T14:54:33.228416 #2471]  INFO -- default-bento-centos-72:     [0;32m Started: 20:54:30.676570[0;0m
I, [2016-11-22T14:54:33.228431 #2471]  INFO -- default-bento-centos-72:     [0;32mDuration: 0.293 ms[0;0m
I, [2016-11-22T14:54:33.228450 #2471]  INFO -- default-bento-centos-72: [0;32m     Changes:   [0;0m
I, [2016-11-22T14:54:33.228467 #2471]  INFO -- default-bento-centos-72: [0;36m----------[0;0m
I, [2016-11-22T14:54:33.228483 #2471]  INFO -- default-bento-centos-72:     [0;36m      ID: old_ruby_purged[0;0m
I, [2016-11-22T14:54:33.228503 #2471]  INFO -- default-bento-centos-72:     [0;36mFunction: pkg.purged[0;0m
I, [2016-11-22T14:54:33.228520 #2471]  INFO -- default-bento-centos-72:     [0;36m    Name: rubygems[0;0m
I, [2016-11-22T14:54:33.228535 #2471]  INFO -- default-bento-centos-72:     [0;36m  Result: True[0;0m
I, [2016-11-22T14:54:33.228551 #2471]  INFO -- default-bento-centos-72:     [0;36m Comment: All targeted packages were purged.[0;0m
I, [2016-11-22T14:54:33.228570 #2471]  INFO -- default-bento-centos-72:     [0;36m Started: 20:54:30.676936[0;0m
I, [2016-11-22T14:54:33.228586 #2471]  INFO -- default-bento-centos-72:     [0;36mDuration: 892.758 ms[0;0m
I, [2016-11-22T14:54:33.228603 #2471]  INFO -- default-bento-centos-72: [0;36m     Changes:   
I, [2016-11-22T14:54:33.228622 #2471]  INFO -- default-bento-centos-72:        [0;36m----------[0;0m
I, [2016-11-22T14:54:33.228645 #2471]  INFO -- default-bento-centos-72:        [0;36mruby[0;0m:
I, [2016-11-22T14:54:33.228705 #2471]  INFO -- default-bento-centos-72:            [0;36m----------[0;0m
I, [2016-11-22T14:54:33.228728 #2471]  INFO -- default-bento-centos-72:            [0;36mnew[0;0m:
I, [2016-11-22T14:54:33.228749 #2471]  INFO -- default-bento-centos-72:            [0;36mold[0;0m:
I, [2016-11-22T14:54:33.228770 #2471]  INFO -- default-bento-centos-72:                [0;32m2.0.0.598-25.el7_1[0;0m
I, [2016-11-22T14:54:33.228793 #2471]  INFO -- default-bento-centos-72:        [0;36mruby-irb[0;0m:
I, [2016-11-22T14:54:33.228814 #2471]  INFO -- default-bento-centos-72:            [0;36m----------[0;0m
I, [2016-11-22T14:54:33.228834 #2471]  INFO -- default-bento-centos-72:            [0;36mnew[0;0m:
I, [2016-11-22T14:54:33.228853 #2471]  INFO -- default-bento-centos-72:            [0;36mold[0;0m:
I, [2016-11-22T14:54:33.230674 #2471]  INFO -- default-bento-centos-72:                [0;32m2.0.0.598-25.el7_1[0;0m
I, [2016-11-22T14:54:33.230716 #2471]  INFO -- default-bento-centos-72:        [0;36mrubygem-bigdecimal[0;0m:
I, [2016-11-22T14:54:33.230747 #2471]  INFO -- default-bento-centos-72:            [0;36m----------[0;0m
I, [2016-11-22T14:54:33.230775 #2471]  INFO -- default-bento-centos-72:            [0;36mnew[0;0m:
I, [2016-11-22T14:54:33.230836 #2471]  INFO -- default-bento-centos-72:            [0;36mold[0;0m:
I, [2016-11-22T14:54:33.230863 #2471]  INFO -- default-bento-centos-72:                [0;32m1.2.0-25.el7_1[0;0m
I, [2016-11-22T14:54:33.230888 #2471]  INFO -- default-bento-centos-72:        [0;36mrubygem-io-console[0;0m:
I, [2016-11-22T14:54:33.230913 #2471]  INFO -- default-bento-centos-72:            [0;36m----------[0;0m
I, [2016-11-22T14:54:33.230944 #2471]  INFO -- default-bento-centos-72:            [0;36mnew[0;0m:
I, [2016-11-22T14:54:33.230970 #2471]  INFO -- default-bento-centos-72:            [0;36mold[0;0m:
I, [2016-11-22T14:54:33.230995 #2471]  INFO -- default-bento-centos-72:                [0;32m0.4.2-25.el7_1[0;0m
I, [2016-11-22T14:54:33.231020 #2471]  INFO -- default-bento-centos-72:        [0;36mrubygem-json[0;0m:
I, [2016-11-22T14:54:33.231044 #2471]  INFO -- default-bento-centos-72:            [0;36m----------[0;0m
I, [2016-11-22T14:54:33.231069 #2471]  INFO -- default-bento-centos-72:            [0;36mnew[0;0m:
I, [2016-11-22T14:54:33.231094 #2471]  INFO -- default-bento-centos-72:            [0;36mold[0;0m:
I, [2016-11-22T14:54:33.231119 #2471]  INFO -- default-bento-centos-72:                [0;32m1.7.7-25.el7_1[0;0m
I, [2016-11-22T14:54:33.231144 #2471]  INFO -- default-bento-centos-72:        [0;36mrubygem-psych[0;0m:
I, [2016-11-22T14:54:33.231168 #2471]  INFO -- default-bento-centos-72:            [0;36m----------[0;0m
I, [2016-11-22T14:54:33.231192 #2471]  INFO -- default-bento-centos-72:            [0;36mnew[0;0m:
I, [2016-11-22T14:54:33.231218 #2471]  INFO -- default-bento-centos-72:            [0;36mold[0;0m:
I, [2016-11-22T14:54:33.231243 #2471]  INFO -- default-bento-centos-72:                [0;32m2.0.0-25.el7_1[0;0m
I, [2016-11-22T14:54:33.231268 #2471]  INFO -- default-bento-centos-72:        [0;36mrubygem-rdoc[0;0m:
I, [2016-11-22T14:54:33.231292 #2471]  INFO -- default-bento-centos-72:            [0;36m----------[0;0m
I, [2016-11-22T14:54:33.231340 #2471]  INFO -- default-bento-centos-72:            [0;36mnew[0;0m:
I, [2016-11-22T14:54:33.231369 #2471]  INFO -- default-bento-centos-72:            [0;36mold[0;0m:
I, [2016-11-22T14:54:33.231395 #2471]  INFO -- default-bento-centos-72:                [0;32m4.0.0-25.el7_1[0;0m
I, [2016-11-22T14:54:33.231420 #2471]  INFO -- default-bento-centos-72:        [0;36mrubygems[0;0m:
I, [2016-11-22T14:54:33.231442 #2471]  INFO -- default-bento-centos-72:            [0;36m----------[0;0m
I, [2016-11-22T14:54:33.231468 #2471]  INFO -- default-bento-centos-72:            [0;36mnew[0;0m:
I, [2016-11-22T14:54:33.231493 #2471]  INFO -- default-bento-centos-72:            [0;36mold[0;0m:
I, [2016-11-22T14:54:33.231518 #2471]  INFO -- default-bento-centos-72:                [0;32m2.0.14-25.el7_1[0;0m[0;0m
I, [2016-11-22T14:54:33.231537 #2471]  INFO -- default-bento-centos-72: [0;32m----------[0;0m
I, [2016-11-22T14:54:33.231557 #2471]  INFO -- default-bento-centos-72:     [0;32m      ID: old_ruby_purged[0;0m
I, [2016-11-22T14:54:33.231575 #2471]  INFO -- default-bento-centos-72:     [0;32mFunction: pkg.purged[0;0m
I, [2016-11-22T14:54:33.231599 #2471]  INFO -- default-bento-centos-72:     [0;32m    Name: rake[0;0m
I, [2016-11-22T14:54:33.231620 #2471]  INFO -- default-bento-centos-72:     [0;32m  Result: True[0;0m
I, [2016-11-22T14:54:33.231637 #2471]  INFO -- default-bento-centos-72:     [0;32m Comment: All specified packages are already absent[0;0m
I, [2016-11-22T14:54:33.231657 #2471]  INFO -- default-bento-centos-72:     [0;32m Started: 20:54:31.574896[0;0m
I, [2016-11-22T14:54:33.231674 #2471]  INFO -- default-bento-centos-72:     [0;32mDuration: 0.326 ms[0;0m
I, [2016-11-22T14:54:33.231694 #2471]  INFO -- default-bento-centos-72: [0;32m     Changes:   [0;0m
I, [2016-11-22T14:54:33.231713 #2471]  INFO -- default-bento-centos-72: [0;32m----------[0;0m
I, [2016-11-22T14:54:33.231733 #2471]  INFO -- default-bento-centos-72:     [0;32m      ID: old_ruby_purged[0;0m
I, [2016-11-22T14:54:33.231751 #2471]  INFO -- default-bento-centos-72:     [0;32mFunction: pkg.purged[0;0m
I, [2016-11-22T14:54:33.231770 #2471]  INFO -- default-bento-centos-72:     [0;32m    Name: ruby1.8-dev[0;0m
I, [2016-11-22T14:54:33.231787 #2471]  INFO -- default-bento-centos-72:     [0;32m  Result: True[0;0m
I, [2016-11-22T14:54:33.231805 #2471]  INFO -- default-bento-centos-72:     [0;32m Comment: All specified packages are already absent[0;0m
I, [2016-11-22T14:54:33.231827 #2471]  INFO -- default-bento-centos-72:     [0;32m Started: 20:54:31.575305[0;0m
I, [2016-11-22T14:54:33.231844 #2471]  INFO -- default-bento-centos-72:     [0;32mDuration: 0.25 ms[0;0m
I, [2016-11-22T14:54:33.231863 #2471]  INFO -- default-bento-centos-72: [0;32m     Changes:   [0;0m
I, [2016-11-22T14:54:33.231899 #2471]  INFO -- default-bento-centos-72: [0;32m----------[0;0m
I, [2016-11-22T14:54:33.231919 #2471]  INFO -- default-bento-centos-72:     [0;32m      ID: old_ruby_purged[0;0m
I, [2016-11-22T14:54:33.231936 #2471]  INFO -- default-bento-centos-72:     [0;32mFunction: pkg.purged[0;0m
I, [2016-11-22T14:54:33.231952 #2471]  INFO -- default-bento-centos-72:     [0;32m    Name: ruby1.8[0;0m
I, [2016-11-22T14:54:33.231971 #2471]  INFO -- default-bento-centos-72:     [0;32m  Result: True[0;0m
I, [2016-11-22T14:54:33.231987 #2471]  INFO -- default-bento-centos-72:     [0;32m Comment: All specified packages are already absent[0;0m
I, [2016-11-22T14:54:33.232006 #2471]  INFO -- default-bento-centos-72:     [0;32m Started: 20:54:31.575625[0;0m
I, [2016-11-22T14:54:33.232022 #2471]  INFO -- default-bento-centos-72:     [0;32mDuration: 0.238 ms[0;0m
I, [2016-11-22T14:54:33.232038 #2471]  INFO -- default-bento-centos-72: [0;32m     Changes:   [0;0m
I, [2016-11-22T14:54:33.232057 #2471]  INFO -- default-bento-centos-72: [0;32m----------[0;0m
I, [2016-11-22T14:54:33.232074 #2471]  INFO -- default-bento-centos-72:     [0;32m      ID: old_ruby_purged[0;0m
I, [2016-11-22T14:54:33.232089 #2471]  INFO -- default-bento-centos-72:     [0;32mFunction: pkg.purged[0;0m
I, [2016-11-22T14:54:33.232105 #2471]  INFO -- default-bento-centos-72:     [0;32m    Name: ruby-dev[0;0m
I, [2016-11-22T14:54:33.232124 #2471]  INFO -- default-bento-centos-72:     [0;32m  Result: True[0;0m
I, [2016-11-22T14:54:33.232141 #2471]  INFO -- default-bento-centos-72:     [0;32m Comment: All specified packages are already absent[0;0m
I, [2016-11-22T14:54:33.232157 #2471]  INFO -- default-bento-centos-72:     [0;32m Started: 20:54:31.575931[0;0m
I, [2016-11-22T14:54:33.232177 #2471]  INFO -- default-bento-centos-72:     [0;32mDuration: 0.235 ms[0;0m
I, [2016-11-22T14:54:33.232194 #2471]  INFO -- default-bento-centos-72: [0;32m     Changes:   [0;0m
I, [2016-11-22T14:54:33.232210 #2471]  INFO -- default-bento-centos-72: [0;32m----------[0;0m
I, [2016-11-22T14:54:33.232226 #2471]  INFO -- default-bento-centos-72:     [0;32m      ID: old_ruby_purged[0;0m
I, [2016-11-22T14:54:33.232241 #2471]  INFO -- default-bento-centos-72:     [0;32mFunction: pkg.purged[0;0m
I, [2016-11-22T14:54:33.232260 #2471]  INFO -- default-bento-centos-72:     [0;32m    Name: libruby1.8[0;0m
I, [2016-11-22T14:54:33.232276 #2471]  INFO -- default-bento-centos-72:     [0;32m  Result: True[0;0m
I, [2016-11-22T14:54:33.232291 #2471]  INFO -- default-bento-centos-72:     [0;32m Comment: All specified packages are already absent[0;0m
I, [2016-11-22T14:54:33.232307 #2471]  INFO -- default-bento-centos-72:     [0;32m Started: 20:54:31.576234[0;0m
I, [2016-11-22T14:54:33.232323 #2471]  INFO -- default-bento-centos-72:     [0;32mDuration: 0.234 ms[0;0m
I, [2016-11-22T14:54:33.232341 #2471]  INFO -- default-bento-centos-72: [0;32m     Changes:   [0;0m
I, [2016-11-22T14:54:33.232358 #2471]  INFO -- default-bento-centos-72: [0;36m
I, [2016-11-22T14:54:33.232392 #2471]  INFO -- default-bento-centos-72: Summary for local
I, [2016-11-22T14:54:33.232408 #2471]  INFO -- default-bento-centos-72: ------------[0;0m
I, [2016-11-22T14:54:33.237286 #2471]  INFO -- default-bento-centos-72: [0;32mSucceeded: 9[0;0m ([0;32mchanged=3[0;0m)
I, [2016-11-22T14:54:33.237366 #2471]  INFO -- default-bento-centos-72: [0;36mFailed:    0[0;0m
I, [2016-11-22T14:54:33.237393 #2471]  INFO -- default-bento-centos-72: [0;36m------------
I, [2016-11-22T14:54:33.237415 #2471]  INFO -- default-bento-centos-72: Total states run:     9[0;0m
I, [2016-11-22T14:54:33.237472 #2471]  INFO -- default-bento-centos-72: [0;36mTotal run time:  23.767 s[0;0m
I, [2016-11-22T14:54:33.281619 #2471]  INFO -- default-bento-centos-72: Finished converging <default-bento-centos-72> (0m30.65s).
I, [2016-11-22T14:54:33.281705 #2471]  INFO -- default-bento-centos-72: -----> Setting up <default-bento-centos-72>...
I, [2016-11-22T14:54:33.282471 #2471]  INFO -- default-bento-centos-72: Finished setting up <default-bento-centos-72> (0m0.00s).
I, [2016-11-22T14:54:33.282569 #2471]  INFO -- default-bento-centos-72: -----> Verifying <default-bento-centos-72>...
I, [2016-11-22T14:54:33.282863 #2471]  INFO -- default-bento-centos-72: Preparing files for transfer
I, [2016-11-22T14:54:33.283078 #2471]  INFO -- default-bento-centos-72: Transferring files to <default-bento-centos-72>
I, [2016-11-22T14:54:33.283660 #2471]  INFO -- default-bento-centos-72: Finished verifying <default-bento-centos-72> (0m0.00s).
